<?xml version="1.0" encoding="UTF-8"?>
<testng-results skipped="0" failed="0" ignored="0" total="2" passed="2">
  <reporter-output>
  </reporter-output>
  <suite name="Default suite" duration-ms="24845" started-at="2022-09-03T10:35:37Z" finished-at="2022-09-03T10:36:02Z">
    <groups>
    </groups>
    <test name="Default test" duration-ms="24845" started-at="2022-09-03T10:35:37Z" finished-at="2022-09-03T10:36:02Z">
      <class name="com.MovieDetails.MovieDetails">
        <test-method status="PASS" signature="timerStart()[pri:0, instance:com.MovieDetails.MovieDetails@7e990ed7]" name="timerStart" is-config="true" duration-ms="6" started-at="2022-09-03T10:35:37Z" finished-at="2022-09-03T10:35:37Z">
          <reporter-output>
          </reporter-output>
        </test-method> <!-- timerStart -->
        <test-method status="PASS" signature="iMDB(java.lang.String)[pri:1, instance:com.MovieDetails.MovieDetails@7e990ed7]" name="iMDB" duration-ms="12443" started-at="2022-09-03T10:35:37Z" data-provider="mName" finished-at="2022-09-03T10:35:49Z">
          <params>
            <param index="0">
              <value>
                <![CDATA[Pushpa: The Rise]]>
              </value>
            </param>
          </params>
          <reporter-output>
          </reporter-output>
        </test-method> <!-- iMDB -->
        <test-method status="PASS" signature="wiki(java.lang.String)[pri:2, instance:com.MovieDetails.MovieDetails@7e990ed7]" name="wiki" duration-ms="12214" started-at="2022-09-03T10:35:49Z" data-provider="mName" finished-at="2022-09-03T10:36:02Z">
          <params>
            <param index="0">
              <value>
                <![CDATA[Pushpa: The Rise]]>
              </value>
            </param>
          </params>
          <reporter-output>
          </reporter-output>
        </test-method> <!-- wiki -->
        <test-method status="PASS" signature="browserClose()[pri:0, instance:com.MovieDetails.MovieDetails@7e990ed7]" name="browserClose" is-config="true" duration-ms="169" started-at="2022-09-03T10:36:02Z" finished-at="2022-09-03T10:36:02Z">
          <reporter-output>
          </reporter-output>
        </test-method> <!-- browserClose -->
        <test-method status="PASS" signature="timerEnd()[pri:0, instance:com.MovieDetails.MovieDetails@7e990ed7]" name="timerEnd" is-config="true" duration-ms="0" started-at="2022-09-03T10:36:02Z" finished-at="2022-09-03T10:36:02Z">
          <reporter-output>
          </reporter-output>
        </test-method> <!-- timerEnd -->
      </class> <!-- com.MovieDetails.MovieDetails -->
    </test> <!-- Default test -->
  </suite> <!-- Default suite -->
</testng-results>
